<?xml version="1.0" encoding="UTF-8"?>
<robot generator="Robot 4.1.2 (Python 3.9.7 on linux)" generated="20211128 16:29:01.702" rpa="false" schemaversion="2">
<suite id="s1" name="Lab4" source="/home/kierin/Documents/Repozytoria/0ZUT/Testowanie_oprogramowania/robot_framework/ZUT_2021/robot_demo/Onet/Lab4.robot">
<kw name="Open Browser To Login Page" type="SETUP">
<kw name="Open Browser" library="Selenium2Library">
<arg>${URL}</arg>
<arg>${BROWSER}</arg>
<doc>Opens a new browser instance to the optional ``url``.</doc>
<msg timestamp="20211128 16:29:01.886" level="INFO">Opening browser 'firefox' to base url 'https://www.poczta.onet.pl'.</msg>
<msg timestamp="20211128 16:29:01.886" level="INFO">Firefox driver log is always forced to to: /home/kierin/Documents/Repozytoria/0ZUT/Testowanie_oprogramowania/robot_framework/ZUT_2021/robot_demo/FTP1/geckodriver-7.log</msg>
<status status="PASS" starttime="20211128 16:29:01.885" endtime="20211128 16:29:08.795"/>
</kw>
<kw name="Maximize Browser Window" library="Selenium2Library">
<doc>Maximizes current browser window.</doc>
<status status="PASS" starttime="20211128 16:29:08.795" endtime="20211128 16:29:09.097"/>
</kw>
<kw name="Set Selenium Speed" library="Selenium2Library">
<arg>${DELAY}</arg>
<doc>Sets the delay that is waited after each Selenium command.</doc>
<status status="PASS" starttime="20211128 16:29:09.097" endtime="20211128 16:29:09.098"/>
</kw>
<status status="PASS" starttime="20211128 16:29:01.885" endtime="20211128 16:29:09.098"/>
</kw>
<test id="s1-t1" name="[TC-FTP] Onet Mail Test">
<kw name="Login to Page">
<arg>${username}</arg>
<arg>${password}</arg>
<kw name="Input Text" library="Selenium2Library">
<arg>id=mailFormLogin</arg>
<arg>${login}</arg>
<doc>Types the given ``text`` into the text field identified by ``locator``.</doc>
<msg timestamp="20211128 16:29:09.113" level="INFO">Typing text 'wizut2019@onet.pl' into text field 'id=mailFormLogin'.</msg>
<status status="PASS" starttime="20211128 16:29:09.111" endtime="20211128 16:29:09.266"/>
</kw>
<kw name="Input Text" library="Selenium2Library">
<arg>id=mailFormPassword</arg>
<arg>${pass}</arg>
<doc>Types the given ``text`` into the text field identified by ``locator``.</doc>
<msg timestamp="20211128 16:29:09.267" level="INFO">Typing text 'Uczelnia222' into text field 'id=mailFormPassword'.</msg>
<status status="PASS" starttime="20211128 16:29:09.266" endtime="20211128 16:29:09.415"/>
</kw>
<kw name="Press Keys" library="Selenium2Library">
<arg>class=loginButton</arg>
<arg>\\13</arg>
<doc>Simulates the user pressing key(s) to an element or on the active browser.</doc>
<msg timestamp="20211128 16:29:09.417" level="INFO">Sending key(s) ('\\13',) to class=loginButton element.</msg>
<msg timestamp="20211128 16:29:09.731" level="INFO">Sending keys \13</msg>
<status status="PASS" starttime="20211128 16:29:09.416" endtime="20211128 16:29:09.754"/>
</kw>
<status status="PASS" starttime="20211128 16:29:09.101" endtime="20211128 16:29:09.755"/>
</kw>
<doc>Testing Onet mail server</doc>
<status status="PASS" starttime="20211128 16:29:09.099" endtime="20211128 16:29:09.755"/>
</test>
<kw name="Close Browser" library="Selenium2Library" type="TEARDOWN">
<doc>Closes the current browser.</doc>
<status status="PASS" starttime="20211128 16:29:09.756" endtime="20211128 16:29:10.628"/>
</kw>
<doc>This is Onet Test</doc>
<status status="PASS" starttime="20211128 16:29:01.703" endtime="20211128 16:29:10.628"/>
</suite>
<statistics>
<total>
<stat pass="1" fail="0" skip="0">All Tests</stat>
</total>
<tag>
</tag>
<suite>
<stat pass="1" fail="0" skip="0" id="s1" name="Lab4">Lab4</stat>
</suite>
</statistics>
<errors>
</errors>
</robot>
